{"/Users/juan/Desktop/10-a-day-test/src/App.tsx": {"path":"/Users/juan/Desktop/10-a-day-test/src/App.tsx","statementMap":{"0":{"start":{"line":9,"column":4},"end":{"line":19,"column":6}}},"fnMap":{"0":{"name":"App","decl":{"start":{"line":8,"column":24},"end":{"line":8,"column":27}},"loc":{"start":{"line":8,"column":30},"end":{"line":20,"column":1}},"line":8}},"branchMap":{},"s":{"0":1},"f":{"0":1},"b":{},"_coverageSchema":"43e27e138ebf9cfc5966b082cf9a028302ed4184","hash":"feb45fbd8d3b459d1eb517059dcfd73f4bbb7666"}
,"/Users/juan/Desktop/10-a-day-test/src/components/Button/button.tsx": {"path":"/Users/juan/Desktop/10-a-day-test/src/components/Button/button.tsx","statementMap":{"0":{"start":{"line":5,"column":15},"end":{"line":20,"column":1}},"1":{"start":{"line":6,"column":21},"end":{"line":6,"column":26}},"2":{"start":{"line":7,"column":38},"end":{"line":7,"column":60}},"3":{"start":{"line":8,"column":4},"end":{"line":19,"column":6}},"4":{"start":{"line":14,"column":43},"end":{"line":14,"column":56}},"5":{"start":{"line":14,"column":65},"end":{"line":14,"column":79}}},"fnMap":{"0":{"name":"(anonymous_0)","decl":{"start":{"line":5,"column":15},"end":{"line":5,"column":16}},"loc":{"start":{"line":5,"column":44},"end":{"line":20,"column":1}},"line":5},"1":{"name":"(anonymous_1)","decl":{"start":{"line":14,"column":37},"end":{"line":14,"column":38}},"loc":{"start":{"line":14,"column":43},"end":{"line":14,"column":56}},"line":14},"2":{"name":"(anonymous_2)","decl":{"start":{"line":14,"column":59},"end":{"line":14,"column":60}},"loc":{"start":{"line":14,"column":65},"end":{"line":14,"column":79}},"line":14}},"branchMap":{"0":{"loc":{"start":{"line":11,"column":16},"end":{"line":11,"column":74}},"type":"cond-expr","locations":[{"start":{"line":11,"column":37},"end":{"line":11,"column":53}},{"start":{"line":11,"column":56},"end":{"line":11,"column":74}}],"line":11},"1":{"loc":{"start":{"line":14,"column":16},"end":{"line":14,"column":79}},"type":"cond-expr","locations":[{"start":{"line":14,"column":37},"end":{"line":14,"column":56}},{"start":{"line":14,"column":59},"end":{"line":14,"column":79}}],"line":14}},"s":{"0":1,"1":10,"2":10,"3":10,"4":2,"5":4},"f":{"0":10,"1":2,"2":4},"b":{"0":[5,5],"1":[5,5]},"_coverageSchema":"43e27e138ebf9cfc5966b082cf9a028302ed4184","hash":"ad1ded761d3dd54ce53867a0942ff8129d32ef03"}
,"/Users/juan/Desktop/10-a-day-test/src/components/Controls/controls.tsx": {"path":"/Users/juan/Desktop/10-a-day-test/src/components/Controls/controls.tsx","statementMap":{"0":{"start":{"line":4,"column":17},"end":{"line":11,"column":1}},"1":{"start":{"line":5,"column":4},"end":{"line":10,"column":6}}},"fnMap":{"0":{"name":"(anonymous_0)","decl":{"start":{"line":4,"column":17},"end":{"line":4,"column":18}},"loc":{"start":{"line":4,"column":59},"end":{"line":11,"column":1}},"line":4}},"branchMap":{},"s":{"0":1,"1":1},"f":{"0":1},"b":{},"_coverageSchema":"43e27e138ebf9cfc5966b082cf9a028302ed4184","hash":"56ccbf9a15d76a7743aa5b9594474bf1006723a2"}
,"/Users/juan/Desktop/10-a-day-test/src/components/amount/Amount.tsx": {"path":"/Users/juan/Desktop/10-a-day-test/src/components/amount/Amount.tsx","statementMap":{"0":{"start":{"line":5,"column":15},"end":{"line":17,"column":1}},"1":{"start":{"line":6,"column":23},"end":{"line":6,"column":45}},"2":{"start":{"line":7,"column":4},"end":{"line":16,"column":6}}},"fnMap":{"0":{"name":"(anonymous_0)","decl":{"start":{"line":5,"column":15},"end":{"line":5,"column":16}},"loc":{"start":{"line":5,"column":21},"end":{"line":17,"column":1}},"line":5}},"branchMap":{},"s":{"0":2,"1":6,"2":6},"f":{"0":6},"b":{},"_coverageSchema":"43e27e138ebf9cfc5966b082cf9a028302ed4184","hash":"702fec9abf0d4a94bf0e5a431eae637d75f3a0e9"}
,"/Users/juan/Desktop/10-a-day-test/src/context/appContext.tsx": {"path":"/Users/juan/Desktop/10-a-day-test/src/context/appContext.tsx","statementMap":{"0":{"start":{"line":9,"column":19},"end":{"line":9,"column":48}},"1":{"start":{"line":11,"column":27},"end":{"line":37,"column":1}},"2":{"start":{"line":12,"column":25},"end":{"line":12,"column":30}},"3":{"start":{"line":13,"column":32},"end":{"line":13,"column":51}},"4":{"start":{"line":15,"column":22},"end":{"line":17,"column":5}},"5":{"start":{"line":16,"column":8},"end":{"line":16,"column":55}},"6":{"start":{"line":16,"column":33},"end":{"line":16,"column":53}},"7":{"start":{"line":19,"column":23},"end":{"line":23,"column":5}},"8":{"start":{"line":20,"column":8},"end":{"line":22,"column":61}},"9":{"start":{"line":21,"column":39},"end":{"line":21,"column":48}},"10":{"start":{"line":22,"column":39},"end":{"line":22,"column":59}},"11":{"start":{"line":25,"column":27},"end":{"line":29,"column":5}},"12":{"start":{"line":30,"column":4},"end":{"line":36,"column":6}}},"fnMap":{"0":{"name":"(anonymous_0)","decl":{"start":{"line":11,"column":27},"end":{"line":11,"column":28}},"loc":{"start":{"line":11,"column":69},"end":{"line":37,"column":1}},"line":11},"1":{"name":"(anonymous_1)","decl":{"start":{"line":15,"column":22},"end":{"line":15,"column":23}},"loc":{"start":{"line":15,"column":44},"end":{"line":17,"column":5}},"line":15},"2":{"name":"(anonymous_2)","decl":{"start":{"line":16,"column":18},"end":{"line":16,"column":19}},"loc":{"start":{"line":16,"column":33},"end":{"line":16,"column":53}},"line":16},"3":{"name":"(anonymous_3)","decl":{"start":{"line":19,"column":23},"end":{"line":19,"column":24}},"loc":{"start":{"line":19,"column":45},"end":{"line":23,"column":5}},"line":19},"4":{"name":"(anonymous_4)","decl":{"start":{"line":21,"column":24},"end":{"line":21,"column":25}},"loc":{"start":{"line":21,"column":39},"end":{"line":21,"column":48}},"line":21},"5":{"name":"(anonymous_5)","decl":{"start":{"line":22,"column":24},"end":{"line":22,"column":25}},"loc":{"start":{"line":22,"column":39},"end":{"line":22,"column":59}},"line":22}},"branchMap":{"0":{"loc":{"start":{"line":20,"column":8},"end":{"line":22,"column":60}},"type":"cond-expr","locations":[{"start":{"line":21,"column":14},"end":{"line":21,"column":49}},{"start":{"line":22,"column":14},"end":{"line":22,"column":60}}],"line":20}},"s":{"0":2,"1":2,"2":7,"3":7,"4":7,"5":2,"6":2,"7":7,"8":4,"9":2,"10":2,"11":7,"12":7},"f":{"0":7,"1":2,"2":2,"3":4,"4":2,"5":2},"b":{"0":[2,2]},"_coverageSchema":"43e27e138ebf9cfc5966b082cf9a028302ed4184","hash":"11a8bcc0104f150eb4b2e62d5c6da4e01c2ab78a"}
}
