TN:
SF:/Users/juan/Desktop/10-a-day-test/src/App.tsx
FN:8,App
FNF:1
FNH:1
FNDA:1,App
DA:9,1
LF:1
LH:1
BRF:0
BRH:0
end_of_record
TN:
SF:/Users/juan/Desktop/10-a-day-test/src/components/Button/button.tsx
FN:5,(anonymous_0)
FN:14,(anonymous_1)
FN:14,(anonymous_2)
FNF:3
FNH:3
FNDA:10,(anonymous_0)
FNDA:2,(anonymous_1)
FNDA:4,(anonymous_2)
DA:5,1
DA:6,10
DA:7,10
DA:8,10
DA:14,4
LF:5
LH:5
BRDA:11,0,0,5
BRDA:11,0,1,5
BRDA:14,1,0,5
BRDA:14,1,1,5
BRF:4
BRH:4
end_of_record
TN:
SF:/Users/juan/Desktop/10-a-day-test/src/components/Controls/controls.tsx
FN:4,(anonymous_0)
FNF:1
FNH:1
FNDA:1,(anonymous_0)
DA:4,1
DA:5,1
LF:2
LH:2
BRF:0
BRH:0
end_of_record
TN:
SF:/Users/juan/Desktop/10-a-day-test/src/components/amount/Amount.tsx
FN:5,(anonymous_0)
FNF:1
FNH:1
FNDA:6,(anonymous_0)
DA:5,2
DA:6,6
DA:7,6
LF:3
LH:3
BRF:0
BRH:0
end_of_record
TN:
SF:/Users/juan/Desktop/10-a-day-test/src/context/appContext.tsx
FN:11,(anonymous_0)
FN:15,(anonymous_1)
FN:16,(anonymous_2)
FN:19,(anonymous_3)
FN:21,(anonymous_4)
FN:22,(anonymous_5)
FNF:6
FNH:6
FNDA:7,(anonymous_0)
FNDA:2,(anonymous_1)
FNDA:2,(anonymous_2)
FNDA:4,(anonymous_3)
FNDA:2,(anonymous_4)
FNDA:2,(anonymous_5)
DA:9,2
DA:11,2
DA:12,7
DA:13,7
DA:15,7
DA:16,2
DA:19,7
DA:20,4
DA:21,2
DA:22,2
DA:25,7
DA:30,7
LF:12
LH:12
BRDA:20,0,0,2
BRDA:20,0,1,2
BRF:2
BRH:2
end_of_record
